<?xml version="1.0" encoding="UTF-8"?>
<!-- Generated by org.testng.reporters.JUnitXMLReporter -->
<testsuite ignored="0" hostname="ATMECSINLT-083" failures="1" tests="3" name="Test" time="29.595" errors="0" timestamp="28 Aug 2019 12:53:24 GMT">
  <testcase classname="automationjar.session.BaseClass" name="setup" time="13.388"/>
  <testcase classname="automationjar.testscripts.GoogleSearch" name="SearchKeyWord" time="0.33"/>
  <testcase classname="automationjar.session.BaseClass" name="setup" time="15.793">
    <failure type="org.openqa.selenium.SessionNotCreatedException" message="session not created
from chrome not reachable
  (Session info: chrome=76.0.3809.132)
Build info: version: &amp;apos;3.141.59&amp;apos;, revision: &amp;apos;e82be7d358&amp;apos;, time: &amp;apos;2018-11-14T08:17:03&amp;apos;
System info: host: &amp;apos;ATMECSINLT-083&amp;apos;, ip: &amp;apos;55.55.53.239&amp;apos;, os.name: &amp;apos;Windows 10&amp;apos;, os.arch: &amp;apos;amd64&amp;apos;, os.version: &amp;apos;10.0&amp;apos;, java.version: &amp;apos;12.0.1&amp;apos;
Driver info: driver.version: ChromeDriver
remote stacktrace: Backtrace:
	Ordinal0 [0x01167C53+1473619]
	Ordinal0 [0x010EAD71+961905]
	Ordinal0 [0x0107415C+475484]
	Ordinal0 [0x0106DAEA+449258]
	Ordinal0 [0x0106E188+450952]
	Ordinal0 [0x0106F295+455317]
	Ordinal0 [0x0106B495+439445]
	Ordinal0 [0x01074F10+478992]
	Ordinal0 [0x010298FE+170238]
	Ordinal0 [0x01028D1D+167197]
	Ordinal0 [0x0102742B+160811]
	Ordinal0 [0x01010AE6+68326]
	Ordinal0 [0x01011BF0+72688]
	Ordinal0 [0x01011B89+72585]
	Ordinal0 [0x01104B37+1067831]
	GetHandleVerifier [0x01206845+506677]
	GetHandleVerifier [0x012065E0+506064]
	GetHandleVerifier [0x0120D188+533624]
	GetHandleVerifier [0x0120701A+508682]
	Ordinal0 [0x010FC226+1032742]
	Ordinal0 [0x010FC09F+1032351]
	Ordinal0 [0x01106A4B+1075787]
	Ordinal0 [0x01106BB3+1076147]
	Ordinal0 [0x01105B65+1071973]
	BaseThreadInitThunk [0x762F60C9+25]
	RtlGetAppContainerNamedObjectPath [0x77127A94+228]
	RtlGetAppContainerNamedObjectPath [0x77127A64+180]
">
      <![CDATA[org.openqa.selenium.SessionNotCreatedException: session not created
from chrome not reachable
  (Session info: chrome=76.0.3809.132)
Build info: version: '3.141.59', revision: 'e82be7d358', time: '2018-11-14T08:17:03'
System info: host: 'ATMECSINLT-083', ip: '55.55.53.239', os.name: 'Windows 10', os.arch: 'amd64', os.version: '10.0', java.version: '12.0.1'
Driver info: driver.version: ChromeDriver
remote stacktrace: Backtrace:
Ordinal0 [0x01167C53+1473619]
Ordinal0 [0x010EAD71+961905]
Ordinal0 [0x0107415C+475484]
Ordinal0 [0x0106DAEA+449258]
Ordinal0 [0x0106E188+450952]
Ordinal0 [0x0106F295+455317]
Ordinal0 [0x0106B495+439445]
Ordinal0 [0x01074F10+478992]
Ordinal0 [0x010298FE+170238]
Ordinal0 [0x01028D1D+167197]
Ordinal0 [0x0102742B+160811]
Ordinal0 [0x01010AE6+68326]
Ordinal0 [0x01011BF0+72688]
Ordinal0 [0x01011B89+72585]
Ordinal0 [0x01104B37+1067831]
GetHandleVerifier [0x01206845+506677]
GetHandleVerifier [0x012065E0+506064]
GetHandleVerifier [0x0120D188+533624]
GetHandleVerifier [0x0120701A+508682]
Ordinal0 [0x010FC226+1032742]
Ordinal0 [0x010FC09F+1032351]
Ordinal0 [0x01106A4B+1075787]
Ordinal0 [0x01106BB3+1076147]
Ordinal0 [0x01105B65+1071973]
BaseThreadInitThunk [0x762F60C9+25]
RtlGetAppContainerNamedObjectPath [0x77127A94+228]
RtlGetAppContainerNamedObjectPath [0x77127A64+180]

at org.openqa.selenium.remote.W3CHandshakeResponse.lambda$errorHandler$0(W3CHandshakeResponse.java:62)
at org.openqa.selenium.remote.HandshakeResponse.lambda$getResponseFunction$0(HandshakeResponse.java:30)
at org.openqa.selenium.remote.ProtocolHandshake.lambda$createSession$0(ProtocolHandshake.java:126)
at java.base/java.util.stream.ReferencePipeline$3$1.accept(ReferencePipeline.java:195)
at java.base/java.util.Spliterators$ArraySpliterator.tryAdvance(Spliterators.java:958)
at java.base/java.util.stream.ReferencePipeline.forEachWithCancel(ReferencePipeline.java:127)
at java.base/java.util.stream.AbstractPipeline.copyIntoWithCancel(AbstractPipeline.java:502)
at java.base/java.util.stream.AbstractPipeline.copyInto(AbstractPipeline.java:488)
at java.base/java.util.stream.AbstractPipeline.wrapAndCopyInto(AbstractPipeline.java:474)
at java.base/java.util.stream.FindOps$FindOp.evaluateSequential(FindOps.java:150)
at java.base/java.util.stream.AbstractPipeline.evaluate(AbstractPipeline.java:234)
at java.base/java.util.stream.ReferencePipeline.findFirst(ReferencePipeline.java:543)
at org.openqa.selenium.remote.ProtocolHandshake.createSession(ProtocolHandshake.java:128)
at org.openqa.selenium.remote.ProtocolHandshake.createSession(ProtocolHandshake.java:74)
at org.openqa.selenium.remote.HttpCommandExecutor.execute(HttpCommandExecutor.java:136)
at org.openqa.selenium.remote.service.DriverCommandExecutor.execute(DriverCommandExecutor.java:83)
at org.openqa.selenium.remote.RemoteWebDriver.execute(RemoteWebDriver.java:552)
at org.openqa.selenium.remote.RemoteWebDriver.startSession(RemoteWebDriver.java:213)
at org.openqa.selenium.remote.RemoteWebDriver.<init>(RemoteWebDriver.java:131)
at org.openqa.selenium.chrome.ChromeDriver.<init>(ChromeDriver.java:181)
at org.openqa.selenium.chrome.ChromeDriver.<init>(ChromeDriver.java:168)
at org.openqa.selenium.chrome.ChromeDriver.<init>(ChromeDriver.java:123)
at automationjar.session.BaseClass.setup(BaseClass.java:17)
... Removed 34 stack frames]]>
    </failure>
  </testcase> <!-- setup -->
</testsuite> <!-- Test -->
